CRITICAL - 2022-03-30 20:38:52 --> Undefined variable $nama
#0 C:\xampp8\htdocs\perpustakaan\app\Views\home.php(15): CodeIgniter\Debug\Exceptions->errorHandler(2, 'Undefined varia...', 'C:\\xampp8\\htdoc...', 15)
#1 C:\xampp8\htdocs\perpustakaan\system\View\View.php(210): include('C:\\xampp8\\htdoc...')
#2 C:\xampp8\htdocs\perpustakaan\system\View\View.php(213): CodeIgniter\View\View->CodeIgniter\View\{closure}()
#3 C:\xampp8\htdocs\perpustakaan\system\Common.php(1089): CodeIgniter\View\View->render('home', Array, true)
#4 C:\xampp8\htdocs\perpustakaan\app\Controllers\Home.php(10): view('home')
#5 C:\xampp8\htdocs\perpustakaan\system\CodeIgniter.php(832): App\Controllers\Home->index()
#6 C:\xampp8\htdocs\perpustakaan\system\CodeIgniter.php(419): CodeIgniter\CodeIgniter->runController(Object(App\Controllers\Home))
#7 C:\xampp8\htdocs\perpustakaan\system\CodeIgniter.php(326): CodeIgniter\CodeIgniter->handleRequest(NULL, Object(Config\Cache), false)
#8 C:\xampp8\htdocs\perpustakaan\public\index.php(37): CodeIgniter\CodeIgniter->run()
#9 C:\xampp8\htdocs\perpustakaan\system\Commands\Server\rewrite.php(43): require_once('C:\\xampp8\\htdoc...')
#10 {main}
CRITICAL - 2022-03-30 20:48:56 --> Array to string conversion
#0 C:\xampp8\htdocs\perpustakaan\app\Views\home.php(20): CodeIgniter\Debug\Exceptions->errorHandler(2, 'Array to string...', 'C:\\xampp8\\htdoc...', 20)
#1 C:\xampp8\htdocs\perpustakaan\system\View\View.php(210): include('C:\\xampp8\\htdoc...')
#2 C:\xampp8\htdocs\perpustakaan\system\View\View.php(213): CodeIgniter\View\View->CodeIgniter\View\{closure}()
#3 C:\xampp8\htdocs\perpustakaan\system\Common.php(1089): CodeIgniter\View\View->render('home', Array, true)
#4 C:\xampp8\htdocs\perpustakaan\app\Controllers\Home.php(11): view('home', Array)
#5 C:\xampp8\htdocs\perpustakaan\system\CodeIgniter.php(832): App\Controllers\Home->index()
#6 C:\xampp8\htdocs\perpustakaan\system\CodeIgniter.php(419): CodeIgniter\CodeIgniter->runController(Object(App\Controllers\Home))
#7 C:\xampp8\htdocs\perpustakaan\system\CodeIgniter.php(326): CodeIgniter\CodeIgniter->handleRequest(NULL, Object(Config\Cache), false)
#8 C:\xampp8\htdocs\perpustakaan\public\index.php(37): CodeIgniter\CodeIgniter->run()
#9 C:\xampp8\htdocs\perpustakaan\system\Commands\Server\rewrite.php(43): require_once('C:\\xampp8\\htdoc...')
#10 {main}
