CRITICAL - 2022-05-31 23:49:06 --> Undefined array key "nama"
#0 C:\xampp8\htdocs\perpustakaan\app\Controllers\User.php(54): CodeIgniter\Debug\Exceptions->errorHandler(2, 'Undefined array...', 'C:\\xampp8\\htdoc...', 54)
#1 C:\xampp8\htdocs\perpustakaan\system\CodeIgniter.php(832): App\Controllers\User->edit('1')
#2 C:\xampp8\htdocs\perpustakaan\system\CodeIgniter.php(419): CodeIgniter\CodeIgniter->runController(Object(App\Controllers\User))
#3 C:\xampp8\htdocs\perpustakaan\system\CodeIgniter.php(326): CodeIgniter\CodeIgniter->handleRequest(NULL, Object(Config\Cache), false)
#4 C:\xampp8\htdocs\perpustakaan\public\index.php(37): CodeIgniter\CodeIgniter->run()
#5 C:\xampp8\htdocs\perpustakaan\system\Commands\Server\rewrite.php(43): require_once('C:\\xampp8\\htdoc...')
#6 {main}
CRITICAL - 2022-05-31 23:49:11 --> Undefined array key "nama"
#0 C:\xampp8\htdocs\perpustakaan\app\Controllers\User.php(54): CodeIgniter\Debug\Exceptions->errorHandler(2, 'Undefined array...', 'C:\\xampp8\\htdoc...', 54)
#1 C:\xampp8\htdocs\perpustakaan\system\CodeIgniter.php(832): App\Controllers\User->edit('1')
#2 C:\xampp8\htdocs\perpustakaan\system\CodeIgniter.php(419): CodeIgniter\CodeIgniter->runController(Object(App\Controllers\User))
#3 C:\xampp8\htdocs\perpustakaan\system\CodeIgniter.php(326): CodeIgniter\CodeIgniter->handleRequest(NULL, Object(Config\Cache), false)
#4 C:\xampp8\htdocs\perpustakaan\public\index.php(37): CodeIgniter\CodeIgniter->run()
#5 C:\xampp8\htdocs\perpustakaan\system\Commands\Server\rewrite.php(43): require_once('C:\\xampp8\\htdoc...')
#6 {main}
CRITICAL - 2022-05-31 23:51:04 --> Undefined array key "nama"
#0 C:\xampp8\htdocs\perpustakaan\app\Controllers\User.php(54): CodeIgniter\Debug\Exceptions->errorHandler(2, 'Undefined array...', 'C:\\xampp8\\htdoc...', 54)
#1 C:\xampp8\htdocs\perpustakaan\system\CodeIgniter.php(832): App\Controllers\User->edit('1')
#2 C:\xampp8\htdocs\perpustakaan\system\CodeIgniter.php(419): CodeIgniter\CodeIgniter->runController(Object(App\Controllers\User))
#3 C:\xampp8\htdocs\perpustakaan\system\CodeIgniter.php(326): CodeIgniter\CodeIgniter->handleRequest(NULL, Object(Config\Cache), false)
#4 C:\xampp8\htdocs\perpustakaan\public\index.php(37): CodeIgniter\CodeIgniter->run()
#5 C:\xampp8\htdocs\perpustakaan\system\Commands\Server\rewrite.php(43): require_once('C:\\xampp8\\htdoc...')
#6 {main}
