CRITICAL - 2022-04-06 08:06:08 --> Invalid file: admin/home.php
#0 C:\xampp8\htdocs\perpustakaan\system\View\View.php(198): CodeIgniter\Exceptions\FrameworkException::forInvalidFile('admin/home.php')
#1 C:\xampp8\htdocs\perpustakaan\system\Common.php(1089): CodeIgniter\View\View->render('admin/home', Array, true)
#2 C:\xampp8\htdocs\perpustakaan\app\Controllers\Home.php(11): view('admin/home', Array)
#3 C:\xampp8\htdocs\perpustakaan\system\CodeIgniter.php(832): App\Controllers\Home->index()
#4 C:\xampp8\htdocs\perpustakaan\system\CodeIgniter.php(419): CodeIgniter\CodeIgniter->runController(Object(App\Controllers\Home))
#5 C:\xampp8\htdocs\perpustakaan\system\CodeIgniter.php(326): CodeIgniter\CodeIgniter->handleRequest(NULL, Object(Config\Cache), false)
#6 C:\xampp8\htdocs\perpustakaan\public\index.php(37): CodeIgniter\CodeIgniter->run()
#7 C:\xampp8\htdocs\perpustakaan\system\Commands\Server\rewrite.php(43): require_once('C:\\xampp8\\htdoc...')
#8 {main}
CRITICAL - 2022-04-06 08:34:00 --> Undefined property: CodeIgniter\View\View::$render
#0 C:\xampp8\htdocs\perpustakaan\app\Views\template\layout.php(139): CodeIgniter\Debug\Exceptions->errorHandler(2, 'Undefined prope...', 'C:\\xampp8\\htdoc...', 139)
#1 C:\xampp8\htdocs\perpustakaan\system\View\View.php(210): include('C:\\xampp8\\htdoc...')
#2 C:\xampp8\htdocs\perpustakaan\system\View\View.php(213): CodeIgniter\View\View->CodeIgniter\View\{closure}()
#3 C:\xampp8\htdocs\perpustakaan\system\View\View.php(226): CodeIgniter\View\View->render('template/layout', Array, true)
#4 C:\xampp8\htdocs\perpustakaan\system\Common.php(1089): CodeIgniter\View\View->render('home', Array, true)
#5 C:\xampp8\htdocs\perpustakaan\app\Controllers\Home.php(12): view('home', Array)
#6 C:\xampp8\htdocs\perpustakaan\system\CodeIgniter.php(832): App\Controllers\Home->index()
#7 C:\xampp8\htdocs\perpustakaan\system\CodeIgniter.php(419): CodeIgniter\CodeIgniter->runController(Object(App\Controllers\Home))
#8 C:\xampp8\htdocs\perpustakaan\system\CodeIgniter.php(326): CodeIgniter\CodeIgniter->handleRequest(NULL, Object(Config\Cache), false)
#9 C:\xampp8\htdocs\perpustakaan\public\index.php(37): CodeIgniter\CodeIgniter->run()
#10 C:\xampp8\htdocs\perpustakaan\system\Commands\Server\rewrite.php(43): require_once('C:\\xampp8\\htdoc...')
#11 {main}
CRITICAL - 2022-04-06 08:37:25 --> Invalid file: navigasi.php
#0 C:\xampp8\htdocs\perpustakaan\system\View\View.php(198): CodeIgniter\Exceptions\FrameworkException::forInvalidFile('navigasi.php')
#1 C:\xampp8\htdocs\perpustakaan\system\View\View.php(424): CodeIgniter\View\View->render('navigasi', NULL, true)
#2 C:\xampp8\htdocs\perpustakaan\app\Views\template\layout.php(20): CodeIgniter\View\View->include('navigasi')
#3 C:\xampp8\htdocs\perpustakaan\system\View\View.php(210): include('C:\\xampp8\\htdoc...')
#4 C:\xampp8\htdocs\perpustakaan\system\View\View.php(213): CodeIgniter\View\View->CodeIgniter\View\{closure}()
#5 C:\xampp8\htdocs\perpustakaan\system\View\View.php(226): CodeIgniter\View\View->render('template/layout', Array, true)
#6 C:\xampp8\htdocs\perpustakaan\system\Common.php(1089): CodeIgniter\View\View->render('home', Array, true)
#7 C:\xampp8\htdocs\perpustakaan\app\Controllers\Home.php(12): view('home', Array)
#8 C:\xampp8\htdocs\perpustakaan\system\CodeIgniter.php(832): App\Controllers\Home->index()
#9 C:\xampp8\htdocs\perpustakaan\system\CodeIgniter.php(419): CodeIgniter\CodeIgniter->runController(Object(App\Controllers\Home))
#10 C:\xampp8\htdocs\perpustakaan\system\CodeIgniter.php(326): CodeIgniter\CodeIgniter->handleRequest(NULL, Object(Config\Cache), false)
#11 C:\xampp8\htdocs\perpustakaan\public\index.php(37): CodeIgniter\CodeIgniter->run()
#12 C:\xampp8\htdocs\perpustakaan\system\Commands\Server\rewrite.php(43): require_once('C:\\xampp8\\htdoc...')
#13 {main}
CRITICAL - 2022-04-06 08:41:10 --> Invalid file: about.php
#0 C:\xampp8\htdocs\perpustakaan\system\View\View.php(198): CodeIgniter\Exceptions\FrameworkException::forInvalidFile('about.php')
#1 C:\xampp8\htdocs\perpustakaan\system\Common.php(1089): CodeIgniter\View\View->render('about', Array, true)
#2 C:\xampp8\htdocs\perpustakaan\app\Controllers\About.php(13): view('about', Array)
#3 C:\xampp8\htdocs\perpustakaan\system\CodeIgniter.php(832): App\Controllers\About->index()
#4 C:\xampp8\htdocs\perpustakaan\system\CodeIgniter.php(419): CodeIgniter\CodeIgniter->runController(Object(App\Controllers\About))
#5 C:\xampp8\htdocs\perpustakaan\system\CodeIgniter.php(326): CodeIgniter\CodeIgniter->handleRequest(NULL, Object(Config\Cache), false)
#6 C:\xampp8\htdocs\perpustakaan\public\index.php(37): CodeIgniter\CodeIgniter->run()
#7 C:\xampp8\htdocs\perpustakaan\system\Commands\Server\rewrite.php(43): require_once('C:\\xampp8\\htdoc...')
#8 {main}
