CRITICAL - 2022-05-12 09:02:16 --> Trying to access array offset on value of type null
#0 C:\xampp8\htdocs\perpustakaan\app\Views\user\detail.php(13): CodeIgniter\Debug\Exceptions->errorHandler(2, 'Trying to acces...', 'C:\\xampp8\\htdoc...', 13)
#1 C:\xampp8\htdocs\perpustakaan\system\View\View.php(210): include('C:\\xampp8\\htdoc...')
#2 C:\xampp8\htdocs\perpustakaan\system\View\View.php(213): CodeIgniter\View\View->CodeIgniter\View\{closure}()
#3 C:\xampp8\htdocs\perpustakaan\system\Common.php(1089): CodeIgniter\View\View->render('user/detail', Array, true)
#4 C:\xampp8\htdocs\perpustakaan\app\Controllers\User.php(37): view('user/detail', Array)
#5 C:\xampp8\htdocs\perpustakaan\system\CodeIgniter.php(832): App\Controllers\User->detail('create')
#6 C:\xampp8\htdocs\perpustakaan\system\CodeIgniter.php(419): CodeIgniter\CodeIgniter->runController(Object(App\Controllers\User))
#7 C:\xampp8\htdocs\perpustakaan\system\CodeIgniter.php(326): CodeIgniter\CodeIgniter->handleRequest(NULL, Object(Config\Cache), false)
#8 C:\xampp8\htdocs\perpustakaan\public\index.php(37): CodeIgniter\CodeIgniter->run()
#9 C:\xampp8\htdocs\perpustakaan\system\Commands\Server\rewrite.php(43): require_once('C:\\xampp8\\htdoc...')
#10 {main}
CRITICAL - 2022-05-12 09:03:12 --> Trying to access array offset on value of type null
#0 C:\xampp8\htdocs\perpustakaan\app\Views\user\detail.php(13): CodeIgniter\Debug\Exceptions->errorHandler(2, 'Trying to acces...', 'C:\\xampp8\\htdoc...', 13)
#1 C:\xampp8\htdocs\perpustakaan\system\View\View.php(210): include('C:\\xampp8\\htdoc...')
#2 C:\xampp8\htdocs\perpustakaan\system\View\View.php(213): CodeIgniter\View\View->CodeIgniter\View\{closure}()
#3 C:\xampp8\htdocs\perpustakaan\system\Common.php(1089): CodeIgniter\View\View->render('user/detail', Array, true)
#4 C:\xampp8\htdocs\perpustakaan\app\Controllers\User.php(37): view('user/detail', Array)
#5 C:\xampp8\htdocs\perpustakaan\system\CodeIgniter.php(832): App\Controllers\User->detail('create')
#6 C:\xampp8\htdocs\perpustakaan\system\CodeIgniter.php(419): CodeIgniter\CodeIgniter->runController(Object(App\Controllers\User))
#7 C:\xampp8\htdocs\perpustakaan\system\CodeIgniter.php(326): CodeIgniter\CodeIgniter->handleRequest(NULL, Object(Config\Cache), false)
#8 C:\xampp8\htdocs\perpustakaan\public\index.php(37): CodeIgniter\CodeIgniter->run()
#9 C:\xampp8\htdocs\perpustakaan\system\Commands\Server\rewrite.php(43): require_once('C:\\xampp8\\htdoc...')
#10 {main}
CRITICAL - 2022-05-12 09:06:15 --> Trying to access array offset on value of type null
#0 C:\xampp8\htdocs\perpustakaan\app\Views\user\detail.php(13): CodeIgniter\Debug\Exceptions->errorHandler(2, 'Trying to acces...', 'C:\\xampp8\\htdoc...', 13)
#1 C:\xampp8\htdocs\perpustakaan\system\View\View.php(210): include('C:\\xampp8\\htdoc...')
#2 C:\xampp8\htdocs\perpustakaan\system\View\View.php(213): CodeIgniter\View\View->CodeIgniter\View\{closure}()
#3 C:\xampp8\htdocs\perpustakaan\system\Common.php(1089): CodeIgniter\View\View->render('user/detail', Array, true)
#4 C:\xampp8\htdocs\perpustakaan\app\Controllers\User.php(37): view('user/detail', Array)
#5 C:\xampp8\htdocs\perpustakaan\system\CodeIgniter.php(832): App\Controllers\User->detail('$1')
#6 C:\xampp8\htdocs\perpustakaan\system\CodeIgniter.php(419): CodeIgniter\CodeIgniter->runController(Object(App\Controllers\User))
#7 C:\xampp8\htdocs\perpustakaan\system\CodeIgniter.php(326): CodeIgniter\CodeIgniter->handleRequest(NULL, Object(Config\Cache), false)
#8 C:\xampp8\htdocs\perpustakaan\public\index.php(37): CodeIgniter\CodeIgniter->run()
#9 C:\xampp8\htdocs\perpustakaan\system\Commands\Server\rewrite.php(43): require_once('C:\\xampp8\\htdoc...')
#10 {main}
CRITICAL - 2022-05-12 09:06:20 --> Trying to access array offset on value of type null
#0 C:\xampp8\htdocs\perpustakaan\app\Views\user\detail.php(13): CodeIgniter\Debug\Exceptions->errorHandler(2, 'Trying to acces...', 'C:\\xampp8\\htdoc...', 13)
#1 C:\xampp8\htdocs\perpustakaan\system\View\View.php(210): include('C:\\xampp8\\htdoc...')
#2 C:\xampp8\htdocs\perpustakaan\system\View\View.php(213): CodeIgniter\View\View->CodeIgniter\View\{closure}()
#3 C:\xampp8\htdocs\perpustakaan\system\Common.php(1089): CodeIgniter\View\View->render('user/detail', Array, true)
#4 C:\xampp8\htdocs\perpustakaan\app\Controllers\User.php(37): view('user/detail', Array)
#5 C:\xampp8\htdocs\perpustakaan\system\CodeIgniter.php(832): App\Controllers\User->detail('$1')
#6 C:\xampp8\htdocs\perpustakaan\system\CodeIgniter.php(419): CodeIgniter\CodeIgniter->runController(Object(App\Controllers\User))
#7 C:\xampp8\htdocs\perpustakaan\system\CodeIgniter.php(326): CodeIgniter\CodeIgniter->handleRequest(NULL, Object(Config\Cache), false)
#8 C:\xampp8\htdocs\perpustakaan\public\index.php(37): CodeIgniter\CodeIgniter->run()
#9 C:\xampp8\htdocs\perpustakaan\system\Commands\Server\rewrite.php(43): require_once('C:\\xampp8\\htdoc...')
#10 {main}
CRITICAL - 2022-05-12 09:06:37 --> Invalid file: user/form.php
#0 C:\xampp8\htdocs\perpustakaan\system\View\View.php(198): CodeIgniter\Exceptions\FrameworkException::forInvalidFile('user/form.php')
#1 C:\xampp8\htdocs\perpustakaan\system\Common.php(1089): CodeIgniter\View\View->render('user/form', Array, true)
#2 C:\xampp8\htdocs\perpustakaan\app\Controllers\User.php(48): view('user/form', Array)
#3 C:\xampp8\htdocs\perpustakaan\system\CodeIgniter.php(832): App\Controllers\User->create()
#4 C:\xampp8\htdocs\perpustakaan\system\CodeIgniter.php(419): CodeIgniter\CodeIgniter->runController(Object(App\Controllers\User))
#5 C:\xampp8\htdocs\perpustakaan\system\CodeIgniter.php(326): CodeIgniter\CodeIgniter->handleRequest(NULL, Object(Config\Cache), false)
#6 C:\xampp8\htdocs\perpustakaan\public\index.php(37): CodeIgniter\CodeIgniter->run()
#7 C:\xampp8\htdocs\perpustakaan\system\Commands\Server\rewrite.php(43): require_once('C:\\xampp8\\htdoc...')
#8 {main}
CRITICAL - 2022-05-12 09:08:18 --> Invalid file: template/template.php
#0 C:\xampp8\htdocs\perpustakaan\system\View\View.php(198): CodeIgniter\Exceptions\FrameworkException::forInvalidFile('template/templa...')
#1 C:\xampp8\htdocs\perpustakaan\system\View\View.php(226): CodeIgniter\View\View->render('template/templa...', Array, true)
#2 C:\xampp8\htdocs\perpustakaan\system\Common.php(1089): CodeIgniter\View\View->render('user/tambah', Array, true)
#3 C:\xampp8\htdocs\perpustakaan\app\Controllers\User.php(48): view('user/tambah', Array)
#4 C:\xampp8\htdocs\perpustakaan\system\CodeIgniter.php(832): App\Controllers\User->create()
#5 C:\xampp8\htdocs\perpustakaan\system\CodeIgniter.php(419): CodeIgniter\CodeIgniter->runController(Object(App\Controllers\User))
#6 C:\xampp8\htdocs\perpustakaan\system\CodeIgniter.php(326): CodeIgniter\CodeIgniter->handleRequest(NULL, Object(Config\Cache), false)
#7 C:\xampp8\htdocs\perpustakaan\public\index.php(37): CodeIgniter\CodeIgniter->run()
#8 C:\xampp8\htdocs\perpustakaan\system\Commands\Server\rewrite.php(43): require_once('C:\\xampp8\\htdoc...')
#9 {main}
CRITICAL - 2022-05-12 09:28:41 --> Undefined property: App\Controllers\User::$userModel
#0 C:\xampp8\htdocs\perpustakaan\app\Controllers\User.php(74): CodeIgniter\Debug\Exceptions->errorHandler(2, 'Undefined prope...', 'C:\\xampp8\\htdoc...', 74)
#1 C:\xampp8\htdocs\perpustakaan\system\CodeIgniter.php(832): App\Controllers\User->insert()
#2 C:\xampp8\htdocs\perpustakaan\system\CodeIgniter.php(419): CodeIgniter\CodeIgniter->runController(Object(App\Controllers\User))
#3 C:\xampp8\htdocs\perpustakaan\system\CodeIgniter.php(326): CodeIgniter\CodeIgniter->handleRequest(NULL, Object(Config\Cache), false)
#4 C:\xampp8\htdocs\perpustakaan\public\index.php(37): CodeIgniter\CodeIgniter->run()
#5 C:\xampp8\htdocs\perpustakaan\system\Commands\Server\rewrite.php(43): require_once('C:\\xampp8\\htdoc...')
#6 {main}
CRITICAL - 2022-05-12 20:32:10 --> Trying to access array offset on value of type null
#0 C:\xampp8\htdocs\perpustakaan\app\Views\user\detail.php(13): CodeIgniter\Debug\Exceptions->errorHandler(2, 'Trying to acces...', 'C:\\xampp8\\htdoc...', 13)
#1 C:\xampp8\htdocs\perpustakaan\system\View\View.php(210): include('C:\\xampp8\\htdoc...')
#2 C:\xampp8\htdocs\perpustakaan\system\View\View.php(213): CodeIgniter\View\View->CodeIgniter\View\{closure}()
#3 C:\xampp8\htdocs\perpustakaan\system\Common.php(1089): CodeIgniter\View\View->render('user/detail', Array, true)
#4 C:\xampp8\htdocs\perpustakaan\app\Controllers\User.php(37): view('user/detail', Array)
#5 C:\xampp8\htdocs\perpustakaan\system\CodeIgniter.php(832): App\Controllers\User->detail('create')
#6 C:\xampp8\htdocs\perpustakaan\system\CodeIgniter.php(419): CodeIgniter\CodeIgniter->runController(Object(App\Controllers\User))
#7 C:\xampp8\htdocs\perpustakaan\system\CodeIgniter.php(326): CodeIgniter\CodeIgniter->handleRequest(NULL, Object(Config\Cache), false)
#8 C:\xampp8\htdocs\perpustakaan\public\index.php(37): CodeIgniter\CodeIgniter->run()
#9 C:\xampp8\htdocs\perpustakaan\system\Commands\Server\rewrite.php(43): require_once('C:\\xampp8\\htdoc...')
#10 {main}
CRITICAL - 2022-05-12 20:59:24 --> Trying to access array offset on value of type null
#0 C:\xampp8\htdocs\perpustakaan\app\Views\user\detail.php(13): CodeIgniter\Debug\Exceptions->errorHandler(2, 'Trying to acces...', 'C:\\xampp8\\htdoc...', 13)
#1 C:\xampp8\htdocs\perpustakaan\system\View\View.php(210): include('C:\\xampp8\\htdoc...')
#2 C:\xampp8\htdocs\perpustakaan\system\View\View.php(213): CodeIgniter\View\View->CodeIgniter\View\{closure}()
#3 C:\xampp8\htdocs\perpustakaan\system\Common.php(1089): CodeIgniter\View\View->render('user/detail', Array, true)
#4 C:\xampp8\htdocs\perpustakaan\app\Controllers\User.php(37): view('user/detail', Array)
#5 C:\xampp8\htdocs\perpustakaan\system\CodeIgniter.php(832): App\Controllers\User->detail('insert')
#6 C:\xampp8\htdocs\perpustakaan\system\CodeIgniter.php(419): CodeIgniter\CodeIgniter->runController(Object(App\Controllers\User))
#7 C:\xampp8\htdocs\perpustakaan\system\CodeIgniter.php(326): CodeIgniter\CodeIgniter->handleRequest(NULL, Object(Config\Cache), false)
#8 C:\xampp8\htdocs\perpustakaan\public\index.php(37): CodeIgniter\CodeIgniter->run()
#9 C:\xampp8\htdocs\perpustakaan\system\Commands\Server\rewrite.php(43): require_once('C:\\xampp8\\htdoc...')
#10 {main}
